<?xml version="1.0" encoding="UTF-8"?>
<!-- Generated by org.testng.reporters.JUnitReportReporter -->
<testsuite hostname="BDC11-L-G01ES30" failures="0" tests="4" name="com.testautomation.TestRunner.TestRunner" time="162.296" errors="0" timestamp="06 Jan 2020 07:32:05 GMT" skipped="0">
  <testcase classname="com.testautomation.TestRunner.TestRunner" name="feature" time="36.739"/>
  <testcase classname="com.testautomation.TestRunner.TestRunner" name="feature" time="41.796"/>
  <testcase classname="com.testautomation.TestRunner.TestRunner" name="feature" time="42.235"/>
  <testcase classname="com.testautomation.TestRunner.TestRunner" name="feature" time="41.526"/>
</testsuite> <!-- com.testautomation.TestRunner.TestRunner -->
